2023-08-29T14:43:06.472+08:00  INFO 16000 --- [main] com.yunqi.common.Application             : Starting Application using Java 19.0.2 with PID 16000 (D:\IdeaProjects\aqareHome\yunqi\target\classes started by hzd_1 in D:\IdeaProjects\aqareHome\yunqi)
2023-08-29T14:43:06.480+08:00  INFO 16000 --- [main] com.yunqi.common.Application             : No active profile set, falling back to 1 default profile: "default"
2023-08-29T14:43:07.138+08:00  INFO 16000 --- [main] trationDelegate$BeanPostProcessorChecker : Bean 'org.springframework.ws.config.annotation.DelegatingWsConfiguration' of type [org.springframework.ws.config.annotation.DelegatingWsConfiguration$$SpringCGLIB$$0] is not eligible for getting processed by all BeanPostProcessors (for example: not eligible for auto-proxying)
2023-08-29T14:43:07.162+08:00  INFO 16000 --- [main] .w.s.a.s.AnnotationActionEndpointMapping : Supporting [WS-Addressing August 2004, WS-Addressing 1.0]
2023-08-29T14:43:07.347+08:00  INFO 16000 --- [main] o.s.b.w.embedded.tomcat.TomcatWebServer  : Tomcat initialized with port(s): 8081 (http)
2023-08-29T14:43:07.356+08:00  INFO 16000 --- [main] o.apache.catalina.core.StandardService   : Starting service [Tomcat]
2023-08-29T14:43:07.356+08:00  INFO 16000 --- [main] o.apache.catalina.core.StandardEngine    : Starting Servlet engine: [Apache Tomcat/10.1.8]
2023-08-29T14:43:07.430+08:00  INFO 16000 --- [main] o.a.c.c.C.[Tomcat].[localhost].[/]       : Initializing Spring embedded WebApplicationContext
2023-08-29T14:43:07.430+08:00  INFO 16000 --- [main] w.s.c.ServletWebServerApplicationContext : Root WebApplicationContext: initialization completed in 910 ms
2023-08-29T14:43:08.028+08:00  INFO 16000 --- [main] o.s.b.w.embedded.tomcat.TomcatWebServer  : Tomcat started on port(s): 8081 (http) with context path ''
2023-08-29T14:43:08.038+08:00  INFO 16000 --- [main] com.yunqi.common.Application             : Started Application in 1.899 seconds (process running for 2.42)
2023-08-29T14:44:00.122+08:00  WARN 16000 --- [scheduling-1] o.apache.poi.openxml4j.opc.OPCPackage    : OPC Compliance error [M4.1]: there is more than one core properties relationship in the package! POI will use only the first, but other software may reject this file.
2023-08-29T14:44:00.457+08:00  INFO 16000 --- [scheduling-1] com.zaxxer.hikari.HikariDataSource       : HikariPool-1 - Starting...
2023-08-29T14:44:00.873+08:00  INFO 16000 --- [scheduling-1] com.zaxxer.hikari.pool.HikariPool        : HikariPool-1 - Added connection com.mysql.cj.jdbc.ConnectionImpl@32be38d8
2023-08-29T14:44:00.874+08:00  INFO 16000 --- [scheduling-1] com.zaxxer.hikari.HikariDataSource       : HikariPool-1 - Start completed.
2023-08-29T14:46:46.339+08:00  INFO 16000 --- [SpringApplicationShutdownHook] com.zaxxer.hikari.HikariDataSource       : HikariPool-1 - Shutdown initiated...
2023-08-29T14:46:46.348+08:00  INFO 16000 --- [SpringApplicationShutdownHook] com.zaxxer.hikari.HikariDataSource       : HikariPool-1 - Shutdown completed.
2023-08-29T14:47:02.945+08:00  INFO 16148 --- [main] com.yunqi.common.Application             : Starting Application using Java 19.0.2 with PID 16148 (D:\IdeaProjects\aqareHome\yunqi\target\classes started by hzd_1 in D:\IdeaProjects\aqareHome\yunqi)
2023-08-29T14:47:02.947+08:00  INFO 16148 --- [main] com.yunqi.common.Application             : No active profile set, falling back to 1 default profile: "default"
2023-08-29T14:47:03.517+08:00  INFO 16148 --- [main] trationDelegate$BeanPostProcessorChecker : Bean 'org.springframework.ws.config.annotation.DelegatingWsConfiguration' of type [org.springframework.ws.config.annotation.DelegatingWsConfiguration$$SpringCGLIB$$0] is not eligible for getting processed by all BeanPostProcessors (for example: not eligible for auto-proxying)
2023-08-29T14:47:03.539+08:00  INFO 16148 --- [main] .w.s.a.s.AnnotationActionEndpointMapping : Supporting [WS-Addressing August 2004, WS-Addressing 1.0]
2023-08-29T14:47:03.708+08:00  INFO 16148 --- [main] o.s.b.w.embedded.tomcat.TomcatWebServer  : Tomcat initialized with port(s): 8081 (http)
2023-08-29T14:47:03.715+08:00  INFO 16148 --- [main] o.apache.catalina.core.StandardService   : Starting service [Tomcat]
2023-08-29T14:47:03.715+08:00  INFO 16148 --- [main] o.apache.catalina.core.StandardEngine    : Starting Servlet engine: [Apache Tomcat/10.1.8]
2023-08-29T14:47:03.792+08:00  INFO 16148 --- [main] o.a.c.c.C.[Tomcat].[localhost].[/]       : Initializing Spring embedded WebApplicationContext
2023-08-29T14:47:03.793+08:00  INFO 16148 --- [main] w.s.c.ServletWebServerApplicationContext : Root WebApplicationContext: initialization completed in 809 ms
2023-08-29T14:47:04.329+08:00  INFO 16148 --- [main] o.s.b.w.embedded.tomcat.TomcatWebServer  : Tomcat started on port(s): 8081 (http) with context path ''
2023-08-29T14:47:04.338+08:00  INFO 16148 --- [main] com.yunqi.common.Application             : Started Application in 1.723 seconds (process running for 2.248)
2023-08-29T14:47:14.324+08:00  INFO 19396 --- [main] com.yunqi.common.Application             : Starting Application using Java 19.0.2 with PID 19396 (D:\IdeaProjects\aqareHome\yunqi\target\classes started by hzd_1 in D:\IdeaProjects\aqareHome\yunqi)
2023-08-29T14:47:14.326+08:00  INFO 19396 --- [main] com.yunqi.common.Application             : No active profile set, falling back to 1 default profile: "default"
2023-08-29T14:47:14.918+08:00  INFO 19396 --- [main] trationDelegate$BeanPostProcessorChecker : Bean 'org.springframework.ws.config.annotation.DelegatingWsConfiguration' of type [org.springframework.ws.config.annotation.DelegatingWsConfiguration$$SpringCGLIB$$0] is not eligible for getting processed by all BeanPostProcessors (for example: not eligible for auto-proxying)
2023-08-29T14:47:14.942+08:00  INFO 19396 --- [main] .w.s.a.s.AnnotationActionEndpointMapping : Supporting [WS-Addressing August 2004, WS-Addressing 1.0]
2023-08-29T14:47:15.120+08:00  INFO 19396 --- [main] o.s.b.w.embedded.tomcat.TomcatWebServer  : Tomcat initialized with port(s): 8081 (http)
2023-08-29T14:47:15.130+08:00  INFO 19396 --- [main] o.apache.catalina.core.StandardService   : Starting service [Tomcat]
2023-08-29T14:47:15.131+08:00  INFO 19396 --- [main] o.apache.catalina.core.StandardEngine    : Starting Servlet engine: [Apache Tomcat/10.1.8]
2023-08-29T14:47:15.197+08:00  INFO 19396 --- [main] o.a.c.c.C.[Tomcat].[localhost].[/]       : Initializing Spring embedded WebApplicationContext
2023-08-29T14:47:15.197+08:00  INFO 19396 --- [main] w.s.c.ServletWebServerApplicationContext : Root WebApplicationContext: initialization completed in 836 ms
2023-08-29T14:47:15.749+08:00  INFO 19396 --- [main] o.s.b.w.embedded.tomcat.TomcatWebServer  : Tomcat started on port(s): 8081 (http) with context path ''
2023-08-29T14:47:15.760+08:00  INFO 19396 --- [main] com.yunqi.common.Application             : Started Application in 1.772 seconds (process running for 2.29)
2023-08-29T14:48:00.132+08:00  WARN 19396 --- [scheduling-1] o.apache.poi.openxml4j.opc.OPCPackage    : OPC Compliance error [M4.1]: there is more than one core properties relationship in the package! POI will use only the first, but other software may reject this file.
2023-08-29T14:48:00.402+08:00  INFO 19396 --- [scheduling-1] com.zaxxer.hikari.HikariDataSource       : HikariPool-1 - Starting...
2023-08-29T14:48:00.594+08:00  INFO 19396 --- [scheduling-1] com.zaxxer.hikari.pool.HikariPool        : HikariPool-1 - Added connection com.mysql.cj.jdbc.ConnectionImpl@2a4eaa4c
2023-08-29T14:48:00.596+08:00  INFO 19396 --- [scheduling-1] com.zaxxer.hikari.HikariDataSource       : HikariPool-1 - Start completed.
2023-08-29T14:52:51.803+08:00  INFO 19396 --- [SpringApplicationShutdownHook] com.zaxxer.hikari.HikariDataSource       : HikariPool-1 - Shutdown initiated...
2023-08-29T14:52:51.810+08:00  INFO 19396 --- [SpringApplicationShutdownHook] com.zaxxer.hikari.HikariDataSource       : HikariPool-1 - Shutdown completed.
2023-08-29T16:58:03.127+08:00  INFO 13100 --- [main] com.yunqi.common.Application             : Starting Application using Java 19.0.2 with PID 13100 (D:\IdeaProjects\aqareHome\yunqi\target\classes started by hzd_1 in D:\IdeaProjects\aqareHome\yunqi)
2023-08-29T16:58:03.129+08:00  INFO 13100 --- [main] com.yunqi.common.Application             : No active profile set, falling back to 1 default profile: "default"
2023-08-29T16:58:03.721+08:00  INFO 13100 --- [main] trationDelegate$BeanPostProcessorChecker : Bean 'org.springframework.ws.config.annotation.DelegatingWsConfiguration' of type [org.springframework.ws.config.annotation.DelegatingWsConfiguration$$SpringCGLIB$$0] is not eligible for getting processed by all BeanPostProcessors (for example: not eligible for auto-proxying)
2023-08-29T16:58:03.745+08:00  INFO 13100 --- [main] .w.s.a.s.AnnotationActionEndpointMapping : Supporting [WS-Addressing August 2004, WS-Addressing 1.0]
2023-08-29T16:58:03.919+08:00  INFO 13100 --- [main] o.s.b.w.embedded.tomcat.TomcatWebServer  : Tomcat initialized with port(s): 8081 (http)
2023-08-29T16:58:03.928+08:00  INFO 13100 --- [main] o.apache.catalina.core.StandardService   : Starting service [Tomcat]
2023-08-29T16:58:03.928+08:00  INFO 13100 --- [main] o.apache.catalina.core.StandardEngine    : Starting Servlet engine: [Apache Tomcat/10.1.8]
2023-08-29T16:58:04.002+08:00  INFO 13100 --- [main] o.a.c.c.C.[Tomcat].[localhost].[/]       : Initializing Spring embedded WebApplicationContext
2023-08-29T16:58:04.002+08:00  INFO 13100 --- [main] w.s.c.ServletWebServerApplicationContext : Root WebApplicationContext: initialization completed in 838 ms
2023-08-29T16:58:04.550+08:00  INFO 13100 --- [main] o.s.b.w.embedded.tomcat.TomcatWebServer  : Tomcat started on port(s): 8081 (http) with context path ''
2023-08-29T16:58:04.559+08:00  INFO 13100 --- [main] com.yunqi.common.Application             : Started Application in 1.777 seconds (process running for 2.304)
2023-08-29T16:58:11.262+08:00  INFO 20028 --- [main] com.yunqi.common.Application             : Starting Application using Java 19.0.2 with PID 20028 (D:\IdeaProjects\aqareHome\yunqi\target\classes started by hzd_1 in D:\IdeaProjects\aqareHome\yunqi)
2023-08-29T16:58:11.264+08:00  INFO 20028 --- [main] com.yunqi.common.Application             : No active profile set, falling back to 1 default profile: "default"
2023-08-29T16:58:11.867+08:00  INFO 20028 --- [main] trationDelegate$BeanPostProcessorChecker : Bean 'org.springframework.ws.config.annotation.DelegatingWsConfiguration' of type [org.springframework.ws.config.annotation.DelegatingWsConfiguration$$SpringCGLIB$$0] is not eligible for getting processed by all BeanPostProcessors (for example: not eligible for auto-proxying)
2023-08-29T16:58:11.889+08:00  INFO 20028 --- [main] .w.s.a.s.AnnotationActionEndpointMapping : Supporting [WS-Addressing August 2004, WS-Addressing 1.0]
2023-08-29T16:58:12.076+08:00  INFO 20028 --- [main] o.s.b.w.embedded.tomcat.TomcatWebServer  : Tomcat initialized with port(s): 8081 (http)
2023-08-29T16:58:12.087+08:00  INFO 20028 --- [main] o.apache.catalina.core.StandardService   : Starting service [Tomcat]
2023-08-29T16:58:12.088+08:00  INFO 20028 --- [main] o.apache.catalina.core.StandardEngine    : Starting Servlet engine: [Apache Tomcat/10.1.8]
2023-08-29T16:58:12.157+08:00  INFO 20028 --- [main] o.a.c.c.C.[Tomcat].[localhost].[/]       : Initializing Spring embedded WebApplicationContext
2023-08-29T16:58:12.158+08:00  INFO 20028 --- [main] w.s.c.ServletWebServerApplicationContext : Root WebApplicationContext: initialization completed in 858 ms
2023-08-29T16:58:12.675+08:00  INFO 20028 --- [main] o.s.b.w.embedded.tomcat.TomcatWebServer  : Tomcat started on port(s): 8081 (http) with context path ''
2023-08-29T16:58:12.684+08:00  INFO 20028 --- [main] com.yunqi.common.Application             : Started Application in 1.78 seconds (process running for 2.27)
2023-08-29T16:59:00.023+08:00  INFO 20028 --- [scheduling-1] com.zaxxer.hikari.HikariDataSource       : HikariPool-1 - Starting...
2023-08-29T16:59:00.292+08:00  INFO 20028 --- [scheduling-1] com.zaxxer.hikari.pool.HikariPool        : HikariPool-1 - Added connection com.mysql.cj.jdbc.ConnectionImpl@2991103a
2023-08-29T16:59:00.293+08:00  INFO 20028 --- [scheduling-1] com.zaxxer.hikari.HikariDataSource       : HikariPool-1 - Start completed.
2023-08-29T16:59:00.434+08:00  WARN 20028 --- [scheduling-1] o.apache.poi.openxml4j.opc.OPCPackage    : OPC Compliance error [M4.1]: there is more than one core properties relationship in the package! POI will use only the first, but other software may reject this file.
2023-08-29T17:00:19.608+08:00  INFO 20028 --- [SpringApplicationShutdownHook] com.zaxxer.hikari.HikariDataSource       : HikariPool-1 - Shutdown initiated...
2023-08-29T17:00:19.614+08:00  INFO 20028 --- [SpringApplicationShutdownHook] com.zaxxer.hikari.HikariDataSource       : HikariPool-1 - Shutdown completed.
2023-08-29T17:00:22.404+08:00  INFO 9648 --- [main] com.yunqi.common.Application             : Starting Application using Java 19.0.2 with PID 9648 (D:\IdeaProjects\aqareHome\yunqi\target\classes started by hzd_1 in D:\IdeaProjects\aqareHome\yunqi)
2023-08-29T17:00:22.406+08:00  INFO 9648 --- [main] com.yunqi.common.Application             : No active profile set, falling back to 1 default profile: "default"
2023-08-29T17:00:23.048+08:00  INFO 9648 --- [main] trationDelegate$BeanPostProcessorChecker : Bean 'org.springframework.ws.config.annotation.DelegatingWsConfiguration' of type [org.springframework.ws.config.annotation.DelegatingWsConfiguration$$SpringCGLIB$$0] is not eligible for getting processed by all BeanPostProcessors (for example: not eligible for auto-proxying)
2023-08-29T17:00:23.071+08:00  INFO 9648 --- [main] .w.s.a.s.AnnotationActionEndpointMapping : Supporting [WS-Addressing August 2004, WS-Addressing 1.0]
2023-08-29T17:00:23.255+08:00  INFO 9648 --- [main] o.s.b.w.embedded.tomcat.TomcatWebServer  : Tomcat initialized with port(s): 8081 (http)
2023-08-29T17:00:23.334+08:00  INFO 9648 --- [main] w.s.c.ServletWebServerApplicationContext : Root WebApplicationContext: initialization completed in 891 ms
2023-08-29T17:00:23.933+08:00  INFO 9648 --- [main] o.s.b.w.embedded.tomcat.TomcatWebServer  : Tomcat started on port(s): 8081 (http) with context path ''
2023-08-29T17:00:23.944+08:00  INFO 9648 --- [main] com.yunqi.common.Application             : Started Application in 1.875 seconds (process running for 2.4)
2023-08-29T17:00:34.968+08:00  INFO 2484 --- [main] com.yunqi.common.Application             : Starting Application using Java 19.0.2 with PID 2484 (D:\IdeaProjects\aqareHome\yunqi\target\classes started by hzd_1 in D:\IdeaProjects\aqareHome\yunqi)
2023-08-29T17:00:34.970+08:00  INFO 2484 --- [main] com.yunqi.common.Application             : No active profile set, falling back to 1 default profile: "default"
2023-08-29T17:00:35.621+08:00  INFO 2484 --- [main] trationDelegate$BeanPostProcessorChecker : Bean 'org.springframework.ws.config.annotation.DelegatingWsConfiguration' of type [org.springframework.ws.config.annotation.DelegatingWsConfiguration$$SpringCGLIB$$0] is not eligible for getting processed by all BeanPostProcessors (for example: not eligible for auto-proxying)
2023-08-29T17:00:35.642+08:00  INFO 2484 --- [main] .w.s.a.s.AnnotationActionEndpointMapping : Supporting [WS-Addressing August 2004, WS-Addressing 1.0]
2023-08-29T17:00:35.807+08:00  INFO 2484 --- [main] o.s.b.w.embedded.tomcat.TomcatWebServer  : Tomcat initialized with port(s): 8081 (http)
2023-08-29T17:00:35.813+08:00  INFO 2484 --- [main] o.apache.catalina.core.StandardService   : Starting service [Tomcat]
2023-08-29T17:00:35.813+08:00  INFO 2484 --- [main] o.apache.catalina.core.StandardEngine    : Starting Servlet engine: [Apache Tomcat/10.1.8]
2023-08-29T17:00:35.891+08:00  INFO 2484 --- [main] o.a.c.c.C.[Tomcat].[localhost].[/]       : Initializing Spring embedded WebApplicationContext
2023-08-29T17:00:35.891+08:00  INFO 2484 --- [main] w.s.c.ServletWebServerApplicationContext : Root WebApplicationContext: initialization completed in 862 ms
2023-08-29T17:00:36.409+08:00  INFO 2484 --- [main] o.s.b.w.embedded.tomcat.TomcatWebServer  : Tomcat started on port(s): 8081 (http) with context path ''
2023-08-29T17:00:36.419+08:00  INFO 2484 --- [main] com.yunqi.common.Application             : Started Application in 1.867 seconds (process running for 2.384)
2023-08-29T17:01:00.027+08:00  INFO 2484 --- [scheduling-1] com.zaxxer.hikari.HikariDataSource       : HikariPool-1 - Starting...
2023-08-29T17:01:00.208+08:00  INFO 2484 --- [scheduling-1] com.zaxxer.hikari.pool.HikariPool        : HikariPool-1 - Added connection com.mysql.cj.jdbc.ConnectionImpl@7edd7945
2023-08-29T17:01:00.209+08:00  INFO 2484 --- [scheduling-1] com.zaxxer.hikari.HikariDataSource       : HikariPool-1 - Start completed.
2023-08-29T17:01:00.317+08:00  WARN 2484 --- [scheduling-1] o.apache.poi.openxml4j.opc.OPCPackage    : OPC Compliance error [M4.1]: there is more than one core properties relationship in the package! POI will use only the first, but other software may reject this file.
2023-08-29T17:02:22.157+08:00  INFO 2484 --- [SpringApplicationShutdownHook] com.zaxxer.hikari.HikariDataSource       : HikariPool-1 - Shutdown initiated...
2023-08-29T17:02:22.173+08:00  INFO 2484 --- [SpringApplicationShutdownHook] com.zaxxer.hikari.HikariDataSource       : HikariPool-1 - Shutdown completed.
2023-08-29T17:07:03.256+08:00  INFO 14420 --- [main] com.yunqi.common.Application             : Starting Application using Java 19.0.2 with PID 14420 (D:\IdeaProjects\aqareHome\yunqi\target\classes started by hzd_1 in D:\IdeaProjects\aqareHome\yunqi)
2023-08-29T17:07:03.258+08:00  INFO 14420 --- [main] com.yunqi.common.Application             : No active profile set, falling back to 1 default profile: "default"
2023-08-29T17:07:03.856+08:00  INFO 14420 --- [main] trationDelegate$BeanPostProcessorChecker : Bean 'org.springframework.ws.config.annotation.DelegatingWsConfiguration' of type [org.springframework.ws.config.annotation.DelegatingWsConfiguration$$SpringCGLIB$$0] is not eligible for getting processed by all BeanPostProcessors (for example: not eligible for auto-proxying)
2023-08-29T17:07:03.877+08:00  INFO 14420 --- [main] .w.s.a.s.AnnotationActionEndpointMapping : Supporting [WS-Addressing August 2004, WS-Addressing 1.0]
2023-08-29T17:07:04.071+08:00  INFO 14420 --- [main] o.s.b.w.embedded.tomcat.TomcatWebServer  : Tomcat initialized with port(s): 8081 (http)
2023-08-29T17:07:04.081+08:00  INFO 14420 --- [main] o.apache.catalina.core.StandardService   : Starting service [Tomcat]
2023-08-29T17:07:04.082+08:00  INFO 14420 --- [main] o.apache.catalina.core.StandardEngine    : Starting Servlet engine: [Apache Tomcat/10.1.8]
2023-08-29T17:07:04.150+08:00  INFO 14420 --- [main] o.a.c.c.C.[Tomcat].[localhost].[/]       : Initializing Spring embedded WebApplicationContext
2023-08-29T17:07:04.150+08:00  INFO 14420 --- [main] w.s.c.ServletWebServerApplicationContext : Root WebApplicationContext: initialization completed in 857 ms
2023-08-29T17:07:04.678+08:00  INFO 14420 --- [main] o.s.b.w.embedded.tomcat.TomcatWebServer  : Tomcat started on port(s): 8081 (http) with context path ''
2023-08-29T17:07:04.687+08:00  INFO 14420 --- [main] com.yunqi.common.Application             : Started Application in 1.767 seconds (process running for 2.248)
2023-08-29T17:07:10.220+08:00  INFO 10252 --- [main] com.yunqi.common.Application             : Starting Application using Java 19.0.2 with PID 10252 (D:\IdeaProjects\aqareHome\yunqi\target\classes started by hzd_1 in D:\IdeaProjects\aqareHome\yunqi)
2023-08-29T17:07:10.222+08:00  INFO 10252 --- [main] com.yunqi.common.Application             : No active profile set, falling back to 1 default profile: "default"
2023-08-29T17:07:10.810+08:00  INFO 10252 --- [main] trationDelegate$BeanPostProcessorChecker : Bean 'org.springframework.ws.config.annotation.DelegatingWsConfiguration' of type [org.springframework.ws.config.annotation.DelegatingWsConfiguration$$SpringCGLIB$$0] is not eligible for getting processed by all BeanPostProcessors (for example: not eligible for auto-proxying)
2023-08-29T17:07:10.832+08:00  INFO 10252 --- [main] .w.s.a.s.AnnotationActionEndpointMapping : Supporting [WS-Addressing August 2004, WS-Addressing 1.0]
2023-08-29T17:07:11.002+08:00  INFO 10252 --- [main] o.s.b.w.embedded.tomcat.TomcatWebServer  : Tomcat initialized with port(s): 8081 (http)
2023-08-29T17:07:11.009+08:00  INFO 10252 --- [main] o.apache.catalina.core.StandardService   : Starting service [Tomcat]
2023-08-29T17:07:11.009+08:00  INFO 10252 --- [main] o.apache.catalina.core.StandardEngine    : Starting Servlet engine: [Apache Tomcat/10.1.8]
2023-08-29T17:07:11.086+08:00  INFO 10252 --- [main] o.a.c.c.C.[Tomcat].[localhost].[/]       : Initializing Spring embedded WebApplicationContext
2023-08-29T17:07:11.088+08:00  INFO 10252 --- [main] w.s.c.ServletWebServerApplicationContext : Root WebApplicationContext: initialization completed in 829 ms
2023-08-29T17:07:11.616+08:00  INFO 10252 --- [main] o.s.b.w.embedded.tomcat.TomcatWebServer  : Tomcat started on port(s): 8081 (http) with context path ''
2023-08-29T17:07:11.624+08:00  INFO 10252 --- [main] com.yunqi.common.Application             : Started Application in 1.726 seconds (process running for 2.225)
2023-08-29T17:08:00.023+08:00  INFO 10252 --- [scheduling-1] com.zaxxer.hikari.HikariDataSource       : HikariPool-1 - Starting...
2023-08-29T17:08:00.328+08:00  INFO 10252 --- [scheduling-1] com.zaxxer.hikari.pool.HikariPool        : HikariPool-1 - Added connection com.mysql.cj.jdbc.ConnectionImpl@3206a8bb
2023-08-29T17:08:00.330+08:00  INFO 10252 --- [scheduling-1] com.zaxxer.hikari.HikariDataSource       : HikariPool-1 - Start completed.
2023-08-29T17:08:00.487+08:00  WARN 10252 --- [scheduling-1] o.apache.poi.openxml4j.opc.OPCPackage    : OPC Compliance error [M4.1]: there is more than one core properties relationship in the package! POI will use only the first, but other software may reject this file.
2023-08-29T17:08:38.370+08:00  INFO 10252 --- [SpringApplicationShutdownHook] com.zaxxer.hikari.HikariDataSource       : HikariPool-1 - Shutdown initiated...
2023-08-29T17:08:38.376+08:00  INFO 10252 --- [SpringApplicationShutdownHook] com.zaxxer.hikari.HikariDataSource       : HikariPool-1 - Shutdown completed.
2023-08-29T17:08:49.615+08:00  INFO 10020 --- [main] com.yunqi.common.Application             : Starting Application using Java 19.0.2 with PID 10020 (D:\IdeaProjects\aqareHome\yunqi\target\classes started by hzd_1 in D:\IdeaProjects\aqareHome\yunqi)
2023-08-29T17:08:49.617+08:00  INFO 10020 --- [main] com.yunqi.common.Application             : No active profile set, falling back to 1 default profile: "default"
2023-08-29T17:08:50.197+08:00  INFO 10020 --- [main] trationDelegate$BeanPostProcessorChecker : Bean 'org.springframework.ws.config.annotation.DelegatingWsConfiguration' of type [org.springframework.ws.config.annotation.DelegatingWsConfiguration$$SpringCGLIB$$0] is not eligible for getting processed by all BeanPostProcessors (for example: not eligible for auto-proxying)
2023-08-29T17:08:50.219+08:00  INFO 10020 --- [main] .w.s.a.s.AnnotationActionEndpointMapping : Supporting [WS-Addressing August 2004, WS-Addressing 1.0]
2023-08-29T17:08:50.390+08:00  INFO 10020 --- [main] o.s.b.w.embedded.tomcat.TomcatWebServer  : Tomcat initialized with port(s): 8081 (http)
2023-08-29T17:08:50.396+08:00  INFO 10020 --- [main] o.apache.catalina.core.StandardService   : Starting service [Tomcat]
2023-08-29T17:08:50.397+08:00  INFO 10020 --- [main] o.apache.catalina.core.StandardEngine    : Starting Servlet engine: [Apache Tomcat/10.1.8]
2023-08-29T17:08:50.467+08:00  INFO 10020 --- [main] o.a.c.c.C.[Tomcat].[localhost].[/]       : Initializing Spring embedded WebApplicationContext
2023-08-29T17:08:50.467+08:00  INFO 10020 --- [main] w.s.c.ServletWebServerApplicationContext : Root WebApplicationContext: initialization completed in 813 ms
2023-08-29T17:08:51.048+08:00  INFO 10020 --- [main] o.s.b.w.embedded.tomcat.TomcatWebServer  : Tomcat started on port(s): 8081 (http) with context path ''
2023-08-29T17:08:51.056+08:00  INFO 10020 --- [main] com.yunqi.common.Application             : Started Application in 1.757 seconds (process running for 2.279)
2023-08-29T17:09:00.025+08:00  INFO 10020 --- [scheduling-1] com.zaxxer.hikari.HikariDataSource       : HikariPool-1 - Starting...
2023-08-29T17:09:00.200+08:00  INFO 10020 --- [scheduling-1] com.zaxxer.hikari.pool.HikariPool        : HikariPool-1 - Added connection com.mysql.cj.jdbc.ConnectionImpl@2991103a
2023-08-29T17:09:00.202+08:00  INFO 10020 --- [scheduling-1] com.zaxxer.hikari.HikariDataSource       : HikariPool-1 - Start completed.
2023-08-29T17:09:00.313+08:00  WARN 10020 --- [scheduling-1] o.apache.poi.openxml4j.opc.OPCPackage    : OPC Compliance error [M4.1]: there is more than one core properties relationship in the package! POI will use only the first, but other software may reject this file.
2023-08-29T17:09:53.833+08:00  INFO 10020 --- [SpringApplicationShutdownHook] com.zaxxer.hikari.HikariDataSource       : HikariPool-1 - Shutdown initiated...
2023-08-29T17:09:53.840+08:00  INFO 10020 --- [SpringApplicationShutdownHook] com.zaxxer.hikari.HikariDataSource       : HikariPool-1 - Shutdown completed.
2023-08-29T17:23:07.944+08:00  INFO 20292 --- [main] com.yunqi.common.Application             : Starting Application using Java 19.0.2 with PID 20292 (D:\IdeaProjects\aqareHome\yunqi\target\classes started by hzd_1 in D:\IdeaProjects\aqareHome\yunqi)
2023-08-29T17:23:07.946+08:00  INFO 20292 --- [main] com.yunqi.common.Application             : No active profile set, falling back to 1 default profile: "default"
2023-08-29T17:23:08.597+08:00  INFO 20292 --- [main] trationDelegate$BeanPostProcessorChecker : Bean 'org.springframework.ws.config.annotation.DelegatingWsConfiguration' of type [org.springframework.ws.config.annotation.DelegatingWsConfiguration$$SpringCGLIB$$0] is not eligible for getting processed by all BeanPostProcessors (for example: not eligible for auto-proxying)
2023-08-29T17:23:08.620+08:00  INFO 20292 --- [main] .w.s.a.s.AnnotationActionEndpointMapping : Supporting [WS-Addressing August 2004, WS-Addressing 1.0]
2023-08-29T17:23:08.803+08:00  INFO 20292 --- [main] o.s.b.w.embedded.tomcat.TomcatWebServer  : Tomcat initialized with port(s): 8081 (http)
2023-08-29T17:23:08.811+08:00  INFO 20292 --- [main] o.apache.catalina.core.StandardService   : Starting service [Tomcat]
2023-08-29T17:23:08.811+08:00  INFO 20292 --- [main] o.apache.catalina.core.StandardEngine    : Starting Servlet engine: [Apache Tomcat/10.1.8]
2023-08-29T17:23:08.877+08:00  INFO 20292 --- [main] o.a.c.c.C.[Tomcat].[localhost].[/]       : Initializing Spring embedded WebApplicationContext
2023-08-29T17:23:08.878+08:00  INFO 20292 --- [main] w.s.c.ServletWebServerApplicationContext : Root WebApplicationContext: initialization completed in 894 ms
2023-08-29T17:23:09.418+08:00  INFO 20292 --- [main] o.s.b.w.embedded.tomcat.TomcatWebServer  : Tomcat started on port(s): 8081 (http) with context path ''
2023-08-29T17:23:09.427+08:00  INFO 20292 --- [main] com.yunqi.common.Application             : Started Application in 1.819 seconds (process running for 2.364)
2023-08-29T17:24:00.098+08:00  WARN 20292 --- [scheduling-1] o.apache.poi.openxml4j.opc.OPCPackage    : OPC Compliance error [M4.1]: there is more than one core properties relationship in the package! POI will use only the first, but other software may reject this file.
2023-08-29T17:24:00.379+08:00  INFO 20292 --- [scheduling-1] com.zaxxer.hikari.HikariDataSource       : HikariPool-1 - Starting...
2023-08-29T17:24:00.580+08:00  INFO 20292 --- [scheduling-1] com.zaxxer.hikari.pool.HikariPool        : HikariPool-1 - Added connection com.mysql.cj.jdbc.ConnectionImpl@3fd433f4
2023-08-29T17:24:00.582+08:00  INFO 20292 --- [scheduling-1] com.zaxxer.hikari.HikariDataSource       : HikariPool-1 - Start completed.
2023-08-29T17:24:44.736+08:00  INFO 20292 --- [SpringApplicationShutdownHook] com.zaxxer.hikari.HikariDataSource       : HikariPool-1 - Shutdown initiated...
2023-08-29T17:24:44.742+08:00  INFO 20292 --- [SpringApplicationShutdownHook] com.zaxxer.hikari.HikariDataSource       : HikariPool-1 - Shutdown completed.
2023-08-29T18:58:09.840+08:00  INFO 8756 --- [main] com.yunqi.common.Application             : Starting Application using Java 19.0.2 with PID 8756 (D:\IdeaProjects\aqareHome\yunqi\target\classes started by hzd_1 in D:\IdeaProjects\aqareHome\yunqi)
2023-08-29T18:58:09.842+08:00  INFO 8756 --- [main] com.yunqi.common.Application             : No active profile set, falling back to 1 default profile: "default"
2023-08-29T18:58:10.432+08:00  INFO 8756 --- [main] trationDelegate$BeanPostProcessorChecker : Bean 'org.springframework.ws.config.annotation.DelegatingWsConfiguration' of type [org.springframework.ws.config.annotation.DelegatingWsConfiguration$$SpringCGLIB$$0] is not eligible for getting processed by all BeanPostProcessors (for example: not eligible for auto-proxying)
2023-08-29T18:58:10.453+08:00  INFO 8756 --- [main] .w.s.a.s.AnnotationActionEndpointMapping : Supporting [WS-Addressing August 2004, WS-Addressing 1.0]
2023-08-29T18:58:10.629+08:00  INFO 8756 --- [main] o.s.b.w.embedded.tomcat.TomcatWebServer  : Tomcat initialized with port(s): 8081 (http)
2023-08-29T18:58:10.636+08:00  INFO 8756 --- [main] o.apache.catalina.core.StandardService   : Starting service [Tomcat]
2023-08-29T18:58:10.636+08:00  INFO 8756 --- [main] o.apache.catalina.core.StandardEngine    : Starting Servlet engine: [Apache Tomcat/10.1.8]
2023-08-29T18:58:10.706+08:00  INFO 8756 --- [main] o.a.c.c.C.[Tomcat].[localhost].[/]       : Initializing Spring embedded WebApplicationContext
2023-08-29T18:58:10.707+08:00  INFO 8756 --- [main] w.s.c.ServletWebServerApplicationContext : Root WebApplicationContext: initialization completed in 831 ms
2023-08-29T18:58:11.282+08:00  INFO 8756 --- [main] o.s.b.w.embedded.tomcat.TomcatWebServer  : Tomcat started on port(s): 8081 (http) with context path ''
2023-08-29T18:58:11.293+08:00  INFO 8756 --- [main] com.yunqi.common.Application             : Started Application in 1.773 seconds (process running for 2.245)
2023-08-29T18:59:00.016+08:00  INFO 8756 --- [scheduling-1] com.zaxxer.hikari.HikariDataSource       : HikariPool-1 - Starting...
2023-08-29T18:59:00.228+08:00  INFO 8756 --- [scheduling-1] com.zaxxer.hikari.pool.HikariPool        : HikariPool-1 - Added connection com.mysql.cj.jdbc.ConnectionImpl@4bf6e45c
2023-08-29T18:59:00.229+08:00  INFO 8756 --- [scheduling-1] com.zaxxer.hikari.HikariDataSource       : HikariPool-1 - Start completed.
2023-08-29T18:59:00.356+08:00  WARN 8756 --- [scheduling-1] o.apache.poi.openxml4j.opc.OPCPackage    : OPC Compliance error [M4.1]: there is more than one core properties relationship in the package! POI will use only the first, but other software may reject this file.
2023-08-29T18:59:15.892+08:00  INFO 8756 --- [SpringApplicationShutdownHook] com.zaxxer.hikari.HikariDataSource       : HikariPool-1 - Shutdown initiated...
2023-08-29T18:59:15.898+08:00  INFO 8756 --- [SpringApplicationShutdownHook] com.zaxxer.hikari.HikariDataSource       : HikariPool-1 - Shutdown completed.
2023-08-29T19:05:38.642+08:00  INFO 7672 --- [main] com.yunqi.common.Application             : Starting Application using Java 19.0.2 with PID 7672 (D:\IdeaProjects\aqareHome\yunqi\target\classes started by hzd_1 in D:\IdeaProjects\aqareHome\yunqi)
2023-08-29T19:05:38.644+08:00  INFO 7672 --- [main] com.yunqi.common.Application             : No active profile set, falling back to 1 default profile: "default"
2023-08-29T19:05:39.246+08:00  INFO 7672 --- [main] trationDelegate$BeanPostProcessorChecker : Bean 'org.springframework.ws.config.annotation.DelegatingWsConfiguration' of type [org.springframework.ws.config.annotation.DelegatingWsConfiguration$$SpringCGLIB$$0] is not eligible for getting processed by all BeanPostProcessors (for example: not eligible for auto-proxying)
2023-08-29T19:05:39.267+08:00  INFO 7672 --- [main] .w.s.a.s.AnnotationActionEndpointMapping : Supporting [WS-Addressing August 2004, WS-Addressing 1.0]
2023-08-29T19:05:39.435+08:00  INFO 7672 --- [main] o.s.b.w.embedded.tomcat.TomcatWebServer  : Tomcat initialized with port(s): 8081 (http)
2023-08-29T19:05:39.441+08:00  INFO 7672 --- [main] o.apache.catalina.core.StandardService   : Starting service [Tomcat]
2023-08-29T19:05:39.442+08:00  INFO 7672 --- [main] o.apache.catalina.core.StandardEngine    : Starting Servlet engine: [Apache Tomcat/10.1.8]
2023-08-29T19:05:39.521+08:00  INFO 7672 --- [main] o.a.c.c.C.[Tomcat].[localhost].[/]       : Initializing Spring embedded WebApplicationContext
2023-08-29T19:05:39.521+08:00  INFO 7672 --- [main] w.s.c.ServletWebServerApplicationContext : Root WebApplicationContext: initialization completed in 840 ms
2023-08-29T19:05:40.075+08:00  INFO 7672 --- [main] o.s.b.w.embedded.tomcat.TomcatWebServer  : Tomcat started on port(s): 8081 (http) with context path ''
2023-08-29T19:05:40.085+08:00  INFO 7672 --- [main] com.yunqi.common.Application             : Started Application in 1.771 seconds (process running for 2.25)
2023-08-29T19:06:00.013+08:00  INFO 7672 --- [scheduling-1] com.zaxxer.hikari.HikariDataSource       : HikariPool-1 - Starting...
2023-08-29T19:06:00.210+08:00  INFO 7672 --- [scheduling-1] com.zaxxer.hikari.pool.HikariPool        : HikariPool-1 - Added connection com.mysql.cj.jdbc.ConnectionImpl@10748b3
2023-08-29T19:06:00.211+08:00  INFO 7672 --- [scheduling-1] com.zaxxer.hikari.HikariDataSource       : HikariPool-1 - Start completed.
2023-08-29T19:06:00.368+08:00  WARN 7672 --- [scheduling-1] o.apache.poi.openxml4j.opc.OPCPackage    : OPC Compliance error [M4.1]: there is more than one core properties relationship in the package! POI will use only the first, but other software may reject this file.
2023-08-29T19:06:49.151+08:00  INFO 7672 --- [SpringApplicationShutdownHook] com.zaxxer.hikari.HikariDataSource       : HikariPool-1 - Shutdown initiated...
2023-08-29T19:06:49.157+08:00  INFO 7672 --- [SpringApplicationShutdownHook] com.zaxxer.hikari.HikariDataSource       : HikariPool-1 - Shutdown completed.
2023-08-29T19:07:07.054+08:00  INFO 19436 --- [main] com.yunqi.common.Application             : Starting Application using Java 19.0.2 with PID 19436 (D:\IdeaProjects\aqareHome\yunqi\target\classes started by hzd_1 in D:\IdeaProjects\aqareHome\yunqi)
2023-08-29T19:07:07.056+08:00  INFO 19436 --- [main] com.yunqi.common.Application             : No active profile set, falling back to 1 default profile: "default"
2023-08-29T19:07:07.709+08:00  INFO 19436 --- [main] trationDelegate$BeanPostProcessorChecker : Bean 'org.springframework.ws.config.annotation.DelegatingWsConfiguration' of type [org.springframework.ws.config.annotation.DelegatingWsConfiguration$$SpringCGLIB$$0] is not eligible for getting processed by all BeanPostProcessors (for example: not eligible for auto-proxying)
2023-08-29T19:07:07.736+08:00  INFO 19436 --- [main] .w.s.a.s.AnnotationActionEndpointMapping : Supporting [WS-Addressing August 2004, WS-Addressing 1.0]
2023-08-29T19:07:07.904+08:00  INFO 19436 --- [main] o.s.b.w.embedded.tomcat.TomcatWebServer  : Tomcat initialized with port(s): 8081 (http)
2023-08-29T19:07:07.912+08:00  INFO 19436 --- [main] o.apache.catalina.core.StandardService   : Starting service [Tomcat]
2023-08-29T19:07:07.913+08:00  INFO 19436 --- [main] o.apache.catalina.core.StandardEngine    : Starting Servlet engine: [Apache Tomcat/10.1.8]
2023-08-29T19:07:07.993+08:00  INFO 19436 --- [main] o.a.c.c.C.[Tomcat].[localhost].[/]       : Initializing Spring embedded WebApplicationContext
2023-08-29T19:07:07.993+08:00  INFO 19436 --- [main] w.s.c.ServletWebServerApplicationContext : Root WebApplicationContext: initialization completed in 901 ms
2023-08-29T19:07:08.522+08:00  INFO 19436 --- [main] o.s.b.w.embedded.tomcat.TomcatWebServer  : Tomcat started on port(s): 8081 (http) with context path ''
2023-08-29T19:07:08.532+08:00  INFO 19436 --- [main] com.yunqi.common.Application             : Started Application in 1.797 seconds (process running for 2.438)
2023-08-29T19:08:00.025+08:00  INFO 19436 --- [scheduling-1] com.zaxxer.hikari.HikariDataSource       : HikariPool-1 - Starting...
2023-08-29T19:08:00.214+08:00  INFO 19436 --- [scheduling-1] com.zaxxer.hikari.pool.HikariPool        : HikariPool-1 - Added connection com.mysql.cj.jdbc.ConnectionImpl@78b3432b
2023-08-29T19:08:00.216+08:00  INFO 19436 --- [scheduling-1] com.zaxxer.hikari.HikariDataSource       : HikariPool-1 - Start completed.
2023-08-29T19:08:00.376+08:00  WARN 19436 --- [scheduling-1] o.apache.poi.openxml4j.opc.OPCPackage    : OPC Compliance error [M4.1]: there is more than one core properties relationship in the package! POI will use only the first, but other software may reject this file.
2023-08-29T19:09:02.311+08:00  INFO 19436 --- [SpringApplicationShutdownHook] com.zaxxer.hikari.HikariDataSource       : HikariPool-1 - Shutdown initiated...
2023-08-29T19:09:02.319+08:00  INFO 19436 --- [SpringApplicationShutdownHook] com.zaxxer.hikari.HikariDataSource       : HikariPool-1 - Shutdown completed.
