2022-11-03 16:57:28.220  INFO 147220 --- [main] com.aqara.common.DemoApplication         : Starting DemoApplication using Java 17.0.2 on DESKTOP-VDS86LF with PID 147220 (D:\IdeaProjects\aqareHome\aqaraClub\target\classes started by hzd_1 in D:\IdeaProjects\aqareHome\aqaraClub)
2022-11-03 16:57:28.222  INFO 147220 --- [main] com.aqara.common.DemoApplication         : No active profile set, falling back to 1 default profile: "default"
2022-11-03 16:57:28.880  INFO 147220 --- [main] trationDelegate$BeanPostProcessorChecker : Bean 'org.springframework.ws.config.annotation.DelegatingWsConfiguration' of type [org.springframework.ws.config.annotation.DelegatingWsConfiguration$$EnhancerBySpringCGLIB$$3cdc3fcb] is not eligible for getting processed by all BeanPostProcessors (for example: not eligible for auto-proxying)
2022-11-03 16:57:28.918  INFO 147220 --- [main] .w.s.a.s.AnnotationActionEndpointMapping : Supporting [WS-Addressing August 2004, WS-Addressing 1.0]
2022-11-03 16:57:29.200  INFO 147220 --- [main] o.s.b.w.embedded.tomcat.TomcatWebServer  : Tomcat initialized with port(s): 8081 (http)
2022-11-03 16:57:29.213  INFO 147220 --- [main] o.apache.catalina.core.StandardService   : Starting service [Tomcat]
2022-11-03 16:57:29.213  INFO 147220 --- [main] org.apache.catalina.core.StandardEngine  : Starting Servlet engine: [Apache Tomcat/9.0.62]
2022-11-03 16:57:29.341  INFO 147220 --- [main] o.a.c.c.C.[Tomcat].[localhost].[/]       : Initializing Spring embedded WebApplicationContext
2022-11-03 16:57:29.342  INFO 147220 --- [main] w.s.c.ServletWebServerApplicationContext : Root WebApplicationContext: initialization completed in 1080 ms
2022-11-03 16:57:30.091  INFO 147220 --- [main] o.s.b.w.embedded.tomcat.TomcatWebServer  : Tomcat started on port(s): 8081 (http) with context path ''
2022-11-03 16:57:30.107  INFO 147220 --- [main] com.aqara.common.DemoApplication         : Started DemoApplication in 2.261 seconds (JVM running for 2.783)
2022-11-03 16:58:38.247  INFO 148176 --- [main] com.aqara.common.DemoApplication         : Starting DemoApplication using Java 17.0.2 on DESKTOP-VDS86LF with PID 148176 (D:\IdeaProjects\aqareHome\aqaraClub\target\classes started by hzd_1 in D:\IdeaProjects\aqareHome\aqaraClub)
2022-11-03 16:58:38.249  INFO 148176 --- [main] com.aqara.common.DemoApplication         : No active profile set, falling back to 1 default profile: "default"
2022-11-03 16:58:38.798  INFO 148176 --- [main] trationDelegate$BeanPostProcessorChecker : Bean 'org.springframework.ws.config.annotation.DelegatingWsConfiguration' of type [org.springframework.ws.config.annotation.DelegatingWsConfiguration$$EnhancerBySpringCGLIB$$ef190851] is not eligible for getting processed by all BeanPostProcessors (for example: not eligible for auto-proxying)
2022-11-03 16:58:38.828  INFO 148176 --- [main] .w.s.a.s.AnnotationActionEndpointMapping : Supporting [WS-Addressing August 2004, WS-Addressing 1.0]
2022-11-03 16:58:39.017  INFO 148176 --- [main] o.s.b.w.embedded.tomcat.TomcatWebServer  : Tomcat initialized with port(s): 8081 (http)
2022-11-03 16:58:39.033  INFO 148176 --- [main] o.apache.catalina.core.StandardService   : Starting service [Tomcat]
2022-11-03 16:58:39.033  INFO 148176 --- [main] org.apache.catalina.core.StandardEngine  : Starting Servlet engine: [Apache Tomcat/9.0.62]
2022-11-03 16:58:39.124  INFO 148176 --- [main] o.a.c.c.C.[Tomcat].[localhost].[/]       : Initializing Spring embedded WebApplicationContext
2022-11-03 16:58:39.125  INFO 148176 --- [main] w.s.c.ServletWebServerApplicationContext : Root WebApplicationContext: initialization completed in 841 ms
2022-11-03 16:58:39.763  INFO 148176 --- [main] o.s.b.w.embedded.tomcat.TomcatWebServer  : Tomcat started on port(s): 8081 (http) with context path ''
2022-11-03 16:58:39.773  INFO 148176 --- [main] com.aqara.common.DemoApplication         : Started DemoApplication in 1.85 seconds (JVM running for 2.319)
2022-11-03 16:59:01.605  INFO 148176 --- [http-nio-8081-exec-1] o.a.c.c.C.[Tomcat].[localhost].[/]       : Initializing Spring DispatcherServlet 'dispatcherServlet'
2022-11-03 16:59:01.605  INFO 148176 --- [http-nio-8081-exec-1] o.s.web.servlet.DispatcherServlet        : Initializing Servlet 'dispatcherServlet'
2022-11-03 16:59:01.606  INFO 148176 --- [http-nio-8081-exec-1] o.s.web.servlet.DispatcherServlet        : Completed initialization in 1 ms
2022-11-03 16:59:01.654  INFO 148176 --- [http-nio-8081-exec-1] com.zaxxer.hikari.HikariDataSource       : HikariPool-1 - Starting...
2022-11-03 16:59:01.853  INFO 148176 --- [http-nio-8081-exec-1] com.zaxxer.hikari.HikariDataSource       : HikariPool-1 - Start completed.
